mode: set
github.com/benoleary/ilutulestikud/player/handler.go:21.28,25.2 1 1
github.com/benoleary/ilutulestikud/player/handler.go:29.81,30.31 1 1
github.com/benoleary/ilutulestikud/player/handler.go:34.2,34.29 1 1
github.com/benoleary/ilutulestikud/player/handler.go:30.31,32.3 1 0
github.com/benoleary/ilutulestikud/player/handler.go:35.28,36.42 1 1
github.com/benoleary/ilutulestikud/player/handler.go:37.26,38.40 1 1
github.com/benoleary/ilutulestikud/player/handler.go:39.10,40.82 1 0
github.com/benoleary/ilutulestikud/player/handler.go:46.113,47.31 1 1
github.com/benoleary/ilutulestikud/player/handler.go:51.2,51.29 1 1
github.com/benoleary/ilutulestikud/player/handler.go:47.31,49.3 1 0
github.com/benoleary/ilutulestikud/player/handler.go:52.20,53.50 1 1
github.com/benoleary/ilutulestikud/player/handler.go:54.23,55.53 1 0
github.com/benoleary/ilutulestikud/player/handler.go:56.23,57.38 1 0
github.com/benoleary/ilutulestikud/player/handler.go:58.10,59.82 1 0
github.com/benoleary/ilutulestikud/player/handler.go:65.75,68.2 2 1
github.com/benoleary/ilutulestikud/player/handler.go:72.41,78.69 4 1
github.com/benoleary/ilutulestikud/player/handler.go:84.2,84.18 1 1
github.com/benoleary/ilutulestikud/player/handler.go:78.69,82.3 2 1
github.com/benoleary/ilutulestikud/player/handler.go:91.69,93.61 2 1
github.com/benoleary/ilutulestikud/player/handler.go:97.2,97.72 1 1
github.com/benoleary/ilutulestikud/player/handler.go:93.61,95.3 1 1
github.com/benoleary/ilutulestikud/player/handler.go:102.67,104.2 1 1
github.com/benoleary/ilutulestikud/player/handler.go:109.91,112.25 3 1
github.com/benoleary/ilutulestikud/player/handler.go:116.2,117.18 2 1
github.com/benoleary/ilutulestikud/player/handler.go:121.2,122.23 2 1
github.com/benoleary/ilutulestikud/player/handler.go:132.2,137.41 4 1
github.com/benoleary/ilutulestikud/player/handler.go:112.25,114.3 1 0
github.com/benoleary/ilutulestikud/player/handler.go:117.18,119.3 1 0
github.com/benoleary/ilutulestikud/player/handler.go:122.23,130.3 1 0
github.com/benoleary/ilutulestikud/player/handler.go:143.94,146.25 3 0
github.com/benoleary/ilutulestikud/player/handler.go:150.2,151.19 2 0
github.com/benoleary/ilutulestikud/player/handler.go:155.2,159.41 4 0
github.com/benoleary/ilutulestikud/player/handler.go:146.25,148.3 1 0
github.com/benoleary/ilutulestikud/player/handler.go:151.19,153.3 1 0
github.com/benoleary/ilutulestikud/player/handler.go:164.65,170.2 4 0
github.com/benoleary/ilutulestikud/player/state.go:18.73,24.2 1 1
github.com/benoleary/ilutulestikud/player/state.go:29.85,35.34 2 1
github.com/benoleary/ilutulestikud/player/state.go:39.2,39.32 1 1
github.com/benoleary/ilutulestikud/player/state.go:35.34,37.3 1 1
github.com/benoleary/ilutulestikud/player/state.go:43.58,48.2 1 1
