mode: set
github.com/benoleary/ilutulestikud/backend/server/server.go:28.71,31.2 2 1
github.com/benoleary/ilutulestikud/backend/server/server.go:38.44,44.2 1 1
github.com/benoleary/ilutulestikud/backend/server/server.go:48.102,50.44 1 1
github.com/benoleary/ilutulestikud/backend/server/server.go:60.2,60.69 1 1
github.com/benoleary/ilutulestikud/backend/server/server.go:65.2,68.52 2 1
github.com/benoleary/ilutulestikud/backend/server/server.go:75.2,76.25 2 1
github.com/benoleary/ilutulestikud/backend/server/server.go:86.2,89.28 3 1
github.com/benoleary/ilutulestikud/backend/server/server.go:109.2,110.59 2 1
github.com/benoleary/ilutulestikud/backend/server/server.go:50.44,56.3 3 1
github.com/benoleary/ilutulestikud/backend/server/server.go:60.69,63.3 2 1
github.com/benoleary/ilutulestikud/backend/server/server.go:68.52,71.3 2 1
github.com/benoleary/ilutulestikud/backend/server/server.go:77.16,78.39 1 1
github.com/benoleary/ilutulestikud/backend/server/server.go:79.14,80.37 1 1
github.com/benoleary/ilutulestikud/backend/server/server.go:81.10,83.9 2 1
github.com/benoleary/ilutulestikud/backend/server/server.go:90.26,91.9 1 1
github.com/benoleary/ilutulestikud/backend/server/server.go:92.22,93.73 1 1
github.com/benoleary/ilutulestikud/backend/server/server.go:94.23,95.3 1 1
github.com/benoleary/ilutulestikud/backend/server/server.go:104.10,105.103 1 1
github.com/benoleary/ilutulestikud/backend/server/server.go:95.3,96.31 1 1
github.com/benoleary/ilutulestikud/backend/server/server.go:101.4,102.83 1 1
github.com/benoleary/ilutulestikud/backend/server/server.go:96.31,99.5 2 1
github.com/benoleary/ilutulestikud/backend/server/server.go:114.60,117.2 1 1
